<?xml version="1.0" encoding="UTF-8"?>
<!-- Generated by org.testng.reporters.JUnitXMLReporter -->
<testsuite hostname="ip-172-31-38-191" ignored="0" name="Test" tests="1" failures="1" timestamp="2021-05-31T01:54:43 UTC" time="0.051" errors="0">
  <testcase name="init" time="0.015" classname="testcases.loginTestCase">
    <failure type="java.lang.RuntimeException" message="java.lang.reflect.InvocationTargetException">
      <![CDATA[java.lang.RuntimeException: java.lang.reflect.InvocationTargetException
at org.openqa.selenium.support.PageFactory.instantiatePage(PageFactory.java:138)
at org.openqa.selenium.support.PageFactory.initElements(PageFactory.java:64)
at testcases.loginTestCase.init(loginTestCase.java:45)
at java.util.ArrayList.forEach(ArrayList.java:1259)
at org.openqa.selenium.support.PageFactory.instantiatePage(PageFactory.java:129)
... 30 more
Caused by: java.lang.NullPointerException
at pages.medicareLoginPage.<init>(medicareLoginPage.java:26)
... 35 more
... Removed 32 stack frames]]>
    </failure>
  </testcase> <!-- init -->
</testsuite> <!-- Test -->
